<?xml version="1.0" encoding="UTF-8"?>
<!-- Generated by org.testng.reporters.JUnitReportReporter -->
<testsuite hostname="Pradhan" failures="0" tests="1" name="com.automation.github.tests.indixital" time="23.195" errors="0" timestamp="2024-12-13T12:58:15 IST" skipped="0">
  <testcase classname="com.automation.github.tests.indixital" name="testcase10" time="23.195"/>
  <system-out/>
</testsuite> <!-- com.automation.github.tests.indixital -->
