<?xml version="1.0" encoding="UTF-8"?>
<!-- Generated by org.testng.reporters.JUnitReportReporter -->
<testsuite hostname="Pradhan" failures="0" tests="1" name="com.automation.github.tests.Flipkart" time="12.387" errors="0" timestamp="2024-12-13T11:53:44 IST" skipped="0">
  <testcase classname="com.automation.github.tests.Flipkart" name="testcase10" time="12.387"/>
  <system-out/>
</testsuite> <!-- com.automation.github.tests.Flipkart -->
